 Report For the Trace/CPL and PAD Library: 
 [Product] :   PowerSI_16.0.0.02091.0   000
 [Lossy]   :   YES
 [Library] :   
   [Number]:   1
   [Version]: 6.0.1.05071
   LIB NO.1: D:\Work\SiP Sigfox\Hardware\Work\designFlow_RFmodeling\V1I1\Design Files\Layout\Trace_Pad_Library\tstFixture_S2-LP_lossy.lib
     There are    4 trace,    0 cpl,   40 pad,    7 via, 
           and    4 trace,    0 cpl,   40 pad,    7 via are added in the working library.

 [Structure Number For Extraction]:
   Coplanar Trace:    0, CPL:    0 ==>They are not in the library
   The Trace found    2, not found    0
   The CPL   found    0, not found    0
   The CPL_w found    0, not found    0
   The PAD   found    5, not found    0
   The VIA   found    1, not found    0
 [Time For Extraction]:
   Trace: 0.001531 sec. 
   CPL  : 0.000449 sec. 
   PAD  : 0.002443 sec. 
   VIA  : 0.041618 sec. 

 [Library]: D:\Work\SiP Sigfox\Hardware\Work\designFlow_RFmodeling\V1I1\Design Files\Layout\Trace_Pad_Library\tstFixture_S2-LP_lossy.lib
   There are    0 single trace,    0 cpl and    0 pad,    0 via are added at the end


							2020-08-20 12:06:28